2016-11-11 12:18:55.343 [http-nio-7390-exec-24] INFO  c.b.e.e.i.AccessInterceptor(57) - url=/earthshaker/user/getAwardResult.do,params=access_token=Ecn8broeFD,ip=114.247.25.26
2016-11-11 12:18:55.344 [http-nio-7390-exec-24] INFO  c.b.e.e.interceptor.AccessTokenUtils(72) - userId = 1300006
2016-11-11 12:18:55.344 [http-nio-7390-exec-24] INFO  c.b.e.f.common.aop.LoggerAspect(40) - params=[Result echoslam.controller.UserController.getAwardResult()],t_id=14786801752860548,key=1478837935344
2016-11-11 12:18:55.344 [http-nio-7390-exec-24] INFO  c.b.e.f.common.aop.LoggerAspect(40) - params=[Optional echoslam.business.ActivityAwardBusiness.getActivityAwardInfo(1300006)],t_id=14786801752860548,key=1478837935344
2016-11-11 12:18:55.345 [http-nio-7390-exec-24] INFO  c.b.e.f.common.aop.LoggerAspect(40) - params=[boolean echoslam.service.UserActivityService.isActivityUser(1300006)],t_id=14786801752860548,key=1478837935345
2016-11-11 12:18:55.345 [http-nio-7390-exec-24] INFO  c.b.e.f.common.aop.LoggerAspect(56) - t_id=14786801752860548,key=1478837935345,return=true,cost=0
2016-11-11 12:18:55.345 [http-nio-7390-exec-24] INFO  c.b.e.f.common.aop.LoggerAspect(40) - params=[List echoslam.service.RuleService.getMatchRuleCodes(1300006)],t_id=14786801752860548,key=1478837935345
2016-11-11 12:18:55.345 [http-nio-7390-exec-24] INFO  c.b.e.f.common.aop.LoggerAspect(40) - params=[UserPortrait echoslam.dao.UserPortraitMapper.get(1300006)],t_id=14786801752860548,key=1478837935345
2016-11-11 12:18:55.346 [http-nio-7390-exec-24] DEBUG c.b.e.e.dao.UserPortraitMapper.get(145) - ==>  Preparing: select * from user_data where user_id = ?
2016-11-11 12:18:55.346 [http-nio-7390-exec-24] DEBUG c.b.e.e.dao.UserPortraitMapper.get(145) - ==> Parameters: 1300006(String)
2016-11-11 12:18:55.350 [http-nio-7390-exec-24] DEBUG c.b.e.e.dao.UserPortraitMapper.get(145) - <==      Total: 1
2016-11-11 12:18:55.350 [http-nio-7390-exec-24] INFO  c.b.e.f.common.aop.LoggerAspect(56) - t_id=14786801752860548,key=1478837935345,return={preference_grade=高一, total_foreign_course=0, createtime=2016-05-08 11:01:23.0, preference_difficulty=2, tc_real_name=, type=STUDENT, total_chinese_course=0, teacher_tel=, total_student_absence=0, total_foreign_critique=0, user_id=1300006, total_app_score=0, group_id=0, total_pay_order=0, all_star_type=0, id=3088127, updatetime=2016-10-26 16:25:57.0, update_state_code=1, username=1519981944@qq.com, total_app_course=0},cost=5
2016-11-11 12:18:55.351 [http-nio-7390-exec-24] INFO  c.b.e.f.common.aop.LoggerAspect(40) - params=[List echoslam.dao.RuleMapper.all()],t_id=14786801752860548,key=1478837935351
2016-11-11 12:18:55.351 [http-nio-7390-exec-24] DEBUG c.b.e.echoslam.dao.RuleMapper.all(145) - ==>  Preparing: select * from rule limit 1000
2016-11-11 12:18:55.351 [http-nio-7390-exec-24] DEBUG c.b.e.echoslam.dao.RuleMapper.all(145) - ==> Parameters:
2016-11-11 12:18:55.359 [http-nio-7390-exec-24] DEBUG c.b.e.echoslam.dao.RuleMapper.all(145) - <==      Total: 26
2016-11-11 12:18:55.360 [http-nio-7390-exec-24] INFO  c.b.e.f.common.aop.LoggerAspect(56) - t_id=14786801752860548,key=1478837935351,return=[Rule{id=1, name='A1兑换未购买活跃iOS', ruleCode='A1_unpaid_exed2+_ios', ruleCondition='ext1,IN,A1_unpaid_exed2+_ios', ruleFlow='AWARD900101', ruleState='ENABLE', desc='100', ext1='', ext2='', createtime=Wed Oct 26 13:21:00 CST 2016, updatetime=Mon Oct 31 14:02:07 CST 2016}, Rule{id=2, name='A2已付费', ruleCode='A2_paid', ruleCondition='ext1,IN,A2_paid', ruleFlow='AWARD900101', ruleState='ENABLE', desc='100', ext1='', ext2='', createtime=Wed Oct 26 13:22:00 CST 2016, updatetime=Fri Oct 28 13:47:00 CST 2016}, Rule{id=3, name='B1北京重点学生高目标', ruleCode='B1_bj_key_stu_hg', ruleCondition='phone_type,IN,Apple iPad 3 (GSM):Apple iPad 3 (GSM+CDMA):Apple iPad 3 (WiFi):Apple iPad 4 (GSM):Apple iPad 4 (GSM+CDMA):Apple iPad 4 (WiFi):Apple iPad Air:Apple iPad Air (Cellular):Apple iPad Air (WiFi):Apple iPad Air 2 (Cellular):Apple iPad Air 2 (WiFi):Apple iPad Mini 2:Apple iPad Mini 2 (Cellular):Apple iPad Mini 2 (WiFi):Apple iPad mini 3 (Cellular):Apple iPad mini 3 (China Model):Apple iPad mini 3 (WiFi):Apple iPad mini 4 (Cellular):Apple iPad mini 4 (WiFi):Apple iPad Pro (Cellular):Apple iPad Pro (WiFi):Apple iPhone 5S (GSM):Apple iPhone 5S (GSM+CDMA):Apple iPhone 6:Apple iPhone 6 Plus:Apple iPhone 6s:Apple iPhone 6s Plus:Apple iPhone 7:Apple iPhone 7 Plus:Apple iPhone SE:Meitu V4s:Meitu V4:Meitu MP1503:Meitu2:Meitu M4s:Meitu MK260:MeituM2:LGE LG-H868（LG G5）:LGE LG-H818:LGE LG-H860:vivo X7Plus:vivo X6SPlusA:vivo X6SA:vivo X6D:vivo X5SL:vivo X5ProV:vivo X6A:vivo X6PlusA:vivo X7:vivo X6PlusD:vivo X5Max+:vivo Xplay5A:vivo X3V:BBK vivo Xplay3S:vivo X6SPlusD:BBK vivo X710F:BBK vivo X3t:vivo X6PlusL:BBK vivo X3V:BBK vivo Xshot:BBK vivo Xplay:vivo X6SPlus:vivo X6:vivox7 　　:HUAWEI EVA-AL10 （华为P9）:HUAWEI FRD-AL00(荣耀8):HUAWEI NXT-CL00:HUAWEI EVA-DL00(华为P9/联通):HUAWEI EVA-TL00(华为P9/移动):Huawei Nexus 6P:HUAWEI MediaPad X1 7.0（平板）:HUAWEI EVA-L19:HUAWEI EVA-L29:GIONEE GN8002S:GiONEE E6:GiONEE GN8001L:GiONEE W900S:GiONEE W900:GiONEE E5:TCL 950:ZTE GrandSIILTE:ZTE GrandSII:OPPO R7t:OPPO N5117:OPPO R9m:OPPO R7sm:OPPO R7:OPPO R7s:OPPO R9PlusmA:OPPO R9tm:OPPO ,cost=9
2016-11-11 12:18:55.360 [http-nio-7390-exec-24] INFO  c.b.e.f.common.aop.LoggerAspect(56) - t_id=14786801752860548,key=1478837935345,return=[1111, nana],cost=15
2016-11-11 12:18:55.361 [http-nio-7390-exec-24] INFO  c.b.e.f.common.aop.LoggerAspect(40) - params=[List echoslam.service.RuleService.getAwardCodes(1111)],t_id=14786801752860548,key=1478837935361
2016-11-11 12:18:55.361 [http-nio-7390-exec-24] INFO  c.b.e.f.common.aop.LoggerAspect(40) - params=[Rule echoslam.dao.RuleMapper.get(1111)],t_id=14786801752860548,key=1478837935361
2016-11-11 12:18:55.361 [http-nio-7390-exec-24] DEBUG c.b.e.echoslam.dao.RuleMapper.get(145) - ==>  Preparing: select * from rule where rule_code = ?
2016-11-11 12:18:55.362 [http-nio-7390-exec-24] DEBUG c.b.e.echoslam.dao.RuleMapper.get(145) - ==> Parameters: 1111(String)
2016-11-11 12:18:55.365 [http-nio-7390-exec-24] DEBUG c.b.e.echoslam.dao.RuleMapper.get(145) - <==      Total: 1
2016-11-11 12:18:55.365 [http-nio-7390-exec-24] INFO  c.b.e.f.common.aop.LoggerAspect(56) - t_id=14786801752860548,key=1478837935361,return=Rule{id=25, name='赵健测试', ruleCode='1111', ruleCondition='user_id,NotIn,123', ruleFlow='PAY000001_1000;AWARD700101;AWARD600101;AWARD900101;AWARD700101', ruleState='ENABLE', desc='100', ext1='null', ext2='null', createtime=Wed Nov 09 17:42:26 CST 2016, updatetime=Thu Nov 10 20:52:46 CST 2016},cost=4
2016-11-11 12:18:55.365 [http-nio-7390-exec-24] INFO  c.b.e.f.common.aop.LoggerAspect(56) - t_id=14786801752860548,key=1478837935361,return=[PAY000001_1000, AWARD700101, AWARD600101, AWARD900101, AWARD700101],cost=4
2016-11-11 12:18:55.366 [http-nio-7390-exec-24] INFO  c.b.e.f.common.aop.LoggerAspect(40) - params=[List echoslam.service.ActivityAwardRecordService.getRecordedAwardCodes(1300006,1111)],t_id=14786801752860548,key=1478837935366
2016-11-11 12:18:55.366 [http-nio-7390-exec-24] INFO  c.b.e.f.common.aop.LoggerAspect(40) - params=[List echoslam.dao.ActivityAwardRecordMapper.get(1300006,1111)],t_id=14786801752860548,key=1478837935366
2016-11-11 12:18:55.367 [http-nio-7390-exec-24] DEBUG c.b.e.e.d.A.get(145) - ==>  Preparing: select * from activity_award_record where user_id = ? and activity_code = ?
2016-11-11 12:18:55.367 [http-nio-7390-exec-24] DEBUG c.b.e.e.d.A.get(145) - ==> Parameters: 1300006(String), 1111(String)
2016-11-11 12:18:55.370 [http-nio-7390-exec-24] DEBUG c.b.e.e.d.A.get(145) - <==      Total: 1
2016-11-11 12:18:55.371 [http-nio-7390-exec-24] INFO  c.b.e.f.common.aop.LoggerAspect(56) - t_id=14786801752860548,key=1478837935366,return=[ActivityAwardRecord{id=504, userId='1300006', activityCode='1111', awardCode='AWARD900101', awardDesc='98元免费外教课', state='CLAIM', createtime=Fri Nov 11 12:16:29 CST 2016, updatetime=Fri Nov 11 12:16:29 CST 2016, ext1='null', ext2='null', tradeNo='AWARD9001011544318282449462'}],cost=5
2016-11-11 12:18:55.371 [http-nio-7390-exec-24] INFO  c.b.e.f.common.aop.LoggerAspect(56) - t_id=14786801752860548,key=1478837935366,return=[AWARD900101],cost=5
2016-11-11 12:18:55.374 [http-nio-7390-exec-24] INFO  c.b.e.f.common.aop.LoggerAspect(40) - params=[Optional echoslam.service.ActivityAwardRecordService.prestoreAward(1300006,1111,PAY000001_1000)],t_id=14786801752860548,key=1478837935374
2016-11-11 12:18:55.374 [http-nio-7390-exec-24] INFO  c.b.e.f.common.aop.LoggerAspect(40) - params=[ActivityAwardConfig echoslam.dao.ActivityAwardConfigMapper.getLimit1(1111,PAY000001_1000)],t_id=14786801752860548,key=1478837935374
2016-11-11 12:18:55.374 [http-nio-7390-exec-24] DEBUG c.b.e.e.d.A.getLimit1(145) - ==>  Preparing: select * from activity_award_config where activity_code=? and award_code=? order by id limit 1
2016-11-11 12:18:55.375 [http-nio-7390-exec-24] DEBUG c.b.e.e.d.A.getLimit1(145) - ==> Parameters: 1111(String), PAY000001_1000(String)
2016-11-11 12:18:55.378 [http-nio-7390-exec-24] DEBUG c.b.e.e.d.A.getLimit1(145) - <==      Total: 1
2016-11-11 12:18:55.378 [http-nio-7390-exec-24] INFO  c.b.e.f.common.aop.LoggerAspect(56) - t_id=14786801752860548,key=1478837935374,return=ActivityAwardConfig{id=72, activityCode='1111', awardCode='PAY000001_1000', awardConsumedNum=24, awardLimit=24, awardLimitPerUser=12, awardTimeUnit='NONE', createtime=Wed Nov 09 17:42:26 CST 2016, updatetime=Thu Nov 10 21:00:06 CST 2016, ext1='null', ext2='null'},cost=4
2016-11-11 12:18:55.379 [http-nio-7390-exec-24] INFO  c.b.e.f.common.aop.LoggerAspect(56) - t_id=14786801752860548,key=1478837935374,return=Optional.empty,cost=5
2016-11-11 12:18:55.388 [http-nio-7390-exec-24] INFO  c.b.e.f.common.aop.LoggerAspect(40) - params=[Optional echoslam.service.ActivityAwardRecordService.prestoreAward(1300006,1111,AWARD700101)],t_id=14786801752860548,key=1478837935388
2016-11-11 12:18:55.388 [http-nio-7390-exec-24] INFO  c.b.e.f.common.aop.LoggerAspect(40) - params=[ActivityAwardConfig echoslam.dao.ActivityAwardConfigMapper.getLimit1(1111,AWARD700101)],t_id=14786801752860548,key=1478837935388
2016-11-11 12:18:55.389 [http-nio-7390-exec-24] DEBUG c.b.e.e.d.A.getLimit1(145) - ==>  Preparing: select * from activity_award_config where activity_code=? and award_code=? order by id limit 1
2016-11-11 12:18:55.389 [http-nio-7390-exec-24] DEBUG c.b.e.e.d.A.getLimit1(145) - ==> Parameters: 1111(String), AWARD700101(String)
2016-11-11 12:18:55.392 [http-nio-7390-exec-24] DEBUG c.b.e.e.d.A.getLimit1(145) - <==      Total: 1
2016-11-11 12:18:55.393 [http-nio-7390-exec-24] INFO  c.b.e.f.common.aop.LoggerAspect(56) - t_id=14786801752860548,key=1478837935388,return=ActivityAwardConfig{id=73, activityCode='1111', awardCode='AWARD700101', awardConsumedNum=24, awardLimit=24, awardLimitPerUser=12, awardTimeUnit='NONE', createtime=Wed Nov 09 17:42:26 CST 2016, updatetime=Thu Nov 10 21:01:08 CST 2016, ext1='null', ext2='null'},cost=5
2016-11-11 12:18:55.393 [http-nio-7390-exec-24] INFO  c.b.e.f.common.aop.LoggerAspect(56) - t_id=14786801752860548,key=1478837935388,return=Optional.empty,cost=5
2016-11-11 12:18:55.402 [http-nio-7390-exec-24] INFO  c.b.e.f.common.aop.LoggerAspect(40) - params=[Optional echoslam.service.ActivityAwardRecordService.prestoreAward(1300006,1111,AWARD600101)],t_id=14786801752860548,key=1478837935402
2016-11-11 12:18:55.403 [http-nio-7390-exec-24] INFO  c.b.e.f.common.aop.LoggerAspect(40) - params=[ActivityAwardConfig echoslam.dao.ActivityAwardConfigMapper.getLimit1(1111,AWARD600101)],t_id=14786801752860548,key=1478837935403
2016-11-11 12:18:55.403 [http-nio-7390-exec-24] DEBUG c.b.e.e.d.A.getLimit1(145) - ==>  Preparing: select * from activity_award_config where activity_code=? and award_code=? order by id limit 1
2016-11-11 12:18:55.404 [http-nio-7390-exec-24] DEBUG c.b.e.e.d.A.getLimit1(145) - ==> Parameters: 1111(String), AWARD600101(String)
2016-11-11 12:18:55.407 [http-nio-7390-exec-24] DEBUG c.b.e.e.d.A.getLimit1(145) - <==      Total: 1
2016-11-11 12:18:55.407 [http-nio-7390-exec-24] INFO  c.b.e.f.common.aop.LoggerAspect(56) - t_id=14786801752860548,key=1478837935403,return=ActivityAwardConfig{id=74, activityCode='1111', awardCode='AWARD600101', awardConsumedNum=24, awardLimit=24, awardLimitPerUser=12, awardTimeUnit='NONE', createtime=Wed Nov 09 17:42:26 CST 2016, updatetime=Thu Nov 10 21:01:47 CST 2016, ext1='null', ext2='null'},cost=4
2016-11-11 12:18:55.407 [http-nio-7390-exec-24] INFO  c.b.e.f.common.aop.LoggerAspect(56) - t_id=14786801752860548,key=1478837935402,return=Optional.empty,cost=5
2016-11-11 12:18:55.416 [http-nio-7390-exec-24] INFO  c.b.e.f.common.aop.LoggerAspect(40) - params=[Optional echoslam.service.ActivityAwardRecordService.prestoreAward(1300006,1111,AWARD700101)],t_id=14786801752860548,key=1478837935416
2016-11-11 12:18:55.417 [http-nio-7390-exec-24] INFO  c.b.e.f.common.aop.LoggerAspect(40) - params=[ActivityAwardConfig echoslam.dao.ActivityAwardConfigMapper.getLimit1(1111,AWARD700101)],t_id=14786801752860548,key=1478837935417
2016-11-11 12:18:55.417 [http-nio-7390-exec-24] DEBUG c.b.e.e.d.A.getLimit1(145) - ==>  Preparing: select * from activity_award_config where activity_code=? and award_code=? order by id limit 1
2016-11-11 12:18:55.417 [http-nio-7390-exec-24] DEBUG c.b.e.e.d.A.getLimit1(145) - ==> Parameters: 1111(String), AWARD700101(String)
2016-11-11 12:18:55.420 [http-nio-7390-exec-24] DEBUG c.b.e.e.d.A.getLimit1(145) - <==      Total: 1
2016-11-11 12:18:55.421 [http-nio-7390-exec-24] INFO  c.b.e.f.common.aop.LoggerAspect(56) - t_id=14786801752860548,key=1478837935417,return=ActivityAwardConfig{id=73, activityCode='1111', awardCode='AWARD700101', awardConsumedNum=24, awardLimit=24, awardLimitPerUser=12, awardTimeUnit='NONE', createtime=Wed Nov 09 17:42:26 CST 2016, updatetime=Thu Nov 10 21:01:08 CST 2016, ext1='null', ext2='null'},cost=4
2016-11-11 12:18:55.421 [http-nio-7390-exec-24] INFO  c.b.e.f.common.aop.LoggerAspect(56) - t_id=14786801752860548,key=1478837935416,return=Optional.empty,cost=5
2016-11-11 12:18:55.428 [http-nio-7390-exec-24] INFO  c.b.e.f.common.aop.LoggerAspect(40) - params=[List echoslam.service.RuleService.getAwardCodes(nana)],t_id=14786801752860548,key=1478837935428
2016-11-11 12:18:55.428 [http-nio-7390-exec-24] INFO  c.b.e.f.common.aop.LoggerAspect(40) - params=[Rule echoslam.dao.RuleMapper.get(nana)],t_id=14786801752860548,key=1478837935428
2016-11-11 12:18:55.429 [http-nio-7390-exec-24] DEBUG c.b.e.echoslam.dao.RuleMapper.get(145) - ==>  Preparing: select * from rule where rule_code = ?
2016-11-11 12:18:55.429 [http-nio-7390-exec-24] DEBUG c.b.e.echoslam.dao.RuleMapper.get(145) - ==> Parameters: nana(String)
2016-11-11 12:18:55.432 [http-nio-7390-exec-24] DEBUG c.b.e.echoslam.dao.RuleMapper.get(145) - <==      Total: 1
2016-11-11 12:18:55.432 [http-nio-7390-exec-24] INFO  c.b.e.f.common.aop.LoggerAspect(56) - t_id=14786801752860548,key=1478837935428,return=Rule{id=51, name='娜娜', ruleCode='nana', ruleCondition='user_id,NotIn,123', ruleFlow='AWARD600101;AWARD900101;AWARD600101', ruleState='ENABLE', desc='100', ext1='null', ext2='null', createtime=Thu Nov 10 16:30:49 CST 2016, updatetime=Thu Nov 10 16:47:48 CST 2016},cost=4
2016-11-11 12:18:55.433 [http-nio-7390-exec-24] INFO  c.b.e.f.common.aop.LoggerAspect(56) - t_id=14786801752860548,key=1478837935428,return=[AWARD600101, AWARD900101, AWARD600101],cost=5
2016-11-11 12:18:55.433 [http-nio-7390-exec-24] INFO  c.b.e.f.common.aop.LoggerAspect(40) - params=[List echoslam.service.ActivityAwardRecordService.getRecordedAwardCodes(1300006,nana)],t_id=14786801752860548,key=1478837935433
2016-11-11 12:18:55.433 [http-nio-7390-exec-24] INFO  c.b.e.f.common.aop.LoggerAspect(40) - params=[List echoslam.dao.ActivityAwardRecordMapper.get(1300006,nana)],t_id=14786801752860548,key=1478837935433
2016-11-11 12:18:55.434 [http-nio-7390-exec-24] DEBUG c.b.e.e.d.A.get(145) - ==>  Preparing: select * from activity_award_record where user_id = ? and activity_code = ?
2016-11-11 12:18:55.434 [http-nio-7390-exec-24] DEBUG c.b.e.e.d.A.get(145) - ==> Parameters: 1300006(String), nana(String)
2016-11-11 12:18:55.437 [http-nio-7390-exec-24] DEBUG c.b.e.e.d.A.get(145) - <==      Total: 1
2016-11-11 12:18:55.438 [http-nio-7390-exec-24] INFO  c.b.e.f.common.aop.LoggerAspect(56) - t_id=14786801752860548,key=1478837935433,return=[ActivityAwardRecord{id=505, userId='1300006', activityCode='nana', awardCode='AWARD600101', awardDesc='68元免费中教课', state='CLAIM', createtime=Fri Nov 11 12:16:49 CST 2016, updatetime=Fri Nov 11 12:16:49 CST 2016, ext1='null', ext2='null', tradeNo='AWARD6001011544338660515153'}],cost=5
2016-11-11 12:18:55.438 [http-nio-7390-exec-24] INFO  c.b.e.f.common.aop.LoggerAspect(56) - t_id=14786801752860548,key=1478837935433,return=[AWARD600101],cost=5
2016-11-11 12:18:55.441 [http-nio-7390-exec-24] INFO  c.b.e.f.common.aop.LoggerAspect(40) - params=[Optional echoslam.service.ActivityAwardRecordService.prestoreAward(1300006,nana,AWARD900101)],t_id=14786801752860548,key=1478837935441
2016-11-11 12:18:55.441 [http-nio-7390-exec-24] INFO  c.b.e.f.common.aop.LoggerAspect(40) - params=[ActivityAwardConfig echoslam.dao.ActivityAwardConfigMapper.getLimit1(nana,AWARD900101)],t_id=14786801752860548,key=1478837935441
2016-11-11 12:18:55.441 [http-nio-7390-exec-24] DEBUG c.b.e.e.d.A.getLimit1(145) - ==>  Preparing: select * from activity_award_config where activity_code=? and award_code=? order by id limit 1
2016-11-11 12:18:55.442 [http-nio-7390-exec-24] DEBUG c.b.e.e.d.A.getLimit1(145) - ==> Parameters: nana(String), AWARD900101(String)
2016-11-11 12:18:55.445 [http-nio-7390-exec-24] DEBUG c.b.e.e.d.A.getLimit1(145) - <==      Total: 1
2016-11-11 12:18:55.445 [http-nio-7390-exec-24] INFO  c.b.e.f.common.aop.LoggerAspect(56) - t_id=14786801752860548,key=1478837935441,return=ActivityAwardConfig{id=80, activityCode='nana', awardCode='AWARD900101', awardConsumedNum=0, awardLimit=24, awardLimitPerUser=12, awardTimeUnit='NONE', createtime=Thu Nov 10 16:30:49 CST 2016, updatetime=Thu Nov 10 19:46:59 CST 2016, ext1='null', ext2='null'},cost=4
2016-11-11 12:18:55.446 [http-nio-7390-exec-24] INFO  c.b.e.f.common.aop.LoggerAspect(40) - params=[VariableConfig fissure.common.dao.VariableConfigMapper.get(user_award_day_limit,DEFAULT)],t_id=14786801752860548,key=1478837935446
2016-11-11 12:18:55.448 [http-nio-7390-exec-24] INFO  c.b.e.f.common.aop.LoggerAspect(56) - t_id=14786801752860548,key=1478837935446,return=VariableConfig{id=15, createtime=Sat Oct 08 16:12:48 CST 2016, updatetime=Wed Nov 09 21:07:31 CST 2016, type='DEFAULT', state='VALID', varName='user_award_day_limit', varValue='2', ext='null'},cost=2
2016-11-11 12:18:55.449 [http-nio-7390-exec-24] INFO  c.b.e.f.common.aop.LoggerAspect(40) - params=[int echoslam.dao.ActivityAwardRecordMapper.countToday(1300006)],t_id=14786801752860548,key=1478837935449
2016-11-11 12:18:55.449 [http-nio-7390-exec-24] DEBUG c.b.e.e.d.A.countToday(145) - ==>  Preparing: select count(id) from activity_award_record where user_id = ? AND DATE(createtime) = CURDATE()
2016-11-11 12:18:55.450 [http-nio-7390-exec-24] DEBUG c.b.e.e.d.A.countToday(145) - ==> Parameters: 1300006(String)
2016-11-11 12:18:55.452 [http-nio-7390-exec-24] DEBUG c.b.e.e.d.A.countToday(145) - <==      Total: 1
2016-11-11 12:18:55.453 [http-nio-7390-exec-24] INFO  c.b.e.f.common.aop.LoggerAspect(56) - t_id=14786801752860548,key=1478837935449,return=2,cost=4
2016-11-11 12:18:55.454 [http-nio-7390-exec-24] INFO  c.b.e.f.common.aop.LoggerAspect(56) - t_id=14786801752860548,key=1478837935441,return=Optional.empty,cost=13
2016-11-11 12:18:55.463 [http-nio-7390-exec-24] INFO  c.b.e.f.common.aop.LoggerAspect(40) - params=[Optional echoslam.service.ActivityAwardRecordService.prestoreAward(1300006,nana,AWARD600101)],t_id=14786801752860548,key=1478837935463
2016-11-11 12:18:55.463 [http-nio-7390-exec-24] INFO  c.b.e.f.common.aop.LoggerAspect(40) - params=[ActivityAwardConfig echoslam.dao.ActivityAwardConfigMapper.getLimit1(nana,AWARD600101)],t_id=14786801752860548,key=1478837935463
2016-11-11 12:18:55.464 [http-nio-7390-exec-24] DEBUG c.b.e.e.d.A.getLimit1(145) - ==>  Preparing: select * from activity_award_config where activity_code=? and award_code=? order by id limit 1
2016-11-11 12:18:55.465 [http-nio-7390-exec-24] DEBUG c.b.e.e.d.A.getLimit1(145) - ==> Parameters: nana(String), AWARD600101(String)
2016-11-11 12:18:55.468 [http-nio-7390-exec-24] DEBUG c.b.e.e.d.A.getLimit1(145) - <==      Total: 1
2016-11-11 12:18:55.468 [http-nio-7390-exec-24] INFO  c.b.e.f.common.aop.LoggerAspect(56) - t_id=14786801752860548,key=1478837935463,return=ActivityAwardConfig{id=79, activityCode='nana', awardCode='AWARD600101', awardConsumedNum=2, awardLimit=24, awardLimitPerUser=12, awardTimeUnit='NONE', createtime=Thu Nov 10 16:30:49 CST 2016, updatetime=Fri Nov 11 12:16:49 CST 2016, ext1='null', ext2='null'},cost=5
2016-11-11 12:18:55.469 [http-nio-7390-exec-24] INFO  c.b.e.f.common.aop.LoggerAspect(40) - params=[VariableConfig fissure.common.dao.VariableConfigMapper.get(user_award_day_limit,DEFAULT)],t_id=14786801752860548,key=1478837935469
2016-11-11 12:18:55.472 [http-nio-7390-exec-24] INFO  c.b.e.f.common.aop.LoggerAspect(56) - t_id=14786801752860548,key=1478837935469,return=VariableConfig{id=15, createtime=Sat Oct 08 16:12:48 CST 2016, updatetime=Wed Nov 09 21:07:31 CST 2016, type='DEFAULT', state='VALID', varName='user_award_day_limit', varValue='2', ext='null'},cost=3
2016-11-11 12:18:55.473 [http-nio-7390-exec-24] INFO  c.b.e.f.common.aop.LoggerAspect(40) - params=[int echoslam.dao.ActivityAwardRecordMapper.countToday(1300006)],t_id=14786801752860548,key=1478837935473
2016-11-11 12:18:55.473 [http-nio-7390-exec-24] DEBUG c.b.e.e.d.A.countToday(145) - ==>  Preparing: select count(id) from activity_award_record where user_id = ? AND DATE(createtime) = CURDATE()
2016-11-11 12:18:55.474 [http-nio-7390-exec-24] DEBUG c.b.e.e.d.A.countToday(145) - ==> Parameters: 1300006(String)
2016-11-11 12:18:55.477 [http-nio-7390-exec-24] DEBUG c.b.e.e.d.A.countToday(145) - <==      Total: 1
2016-11-11 12:18:55.477 [http-nio-7390-exec-24] INFO  c.b.e.f.common.aop.LoggerAspect(56) - t_id=14786801752860548,key=1478837935473,return=2,cost=4
2016-11-11 12:18:55.478 [http-nio-7390-exec-24] INFO  c.b.e.f.common.aop.LoggerAspect(56) - t_id=14786801752860548,key=1478837935463,return=Optional.empty,cost=15
2016-11-11 12:18:55.485 [http-nio-7390-exec-24] INFO  c.b.e.f.common.aop.LoggerAspect(56) - t_id=14786801752860548,key=1478837935344,return=Optional.empty,cost=141
2016-11-11 12:18:55.485 [http-nio-7390-exec-24] INFO  c.b.e.f.common.aop.LoggerAspect(56) - t_id=14786801752860548,key=1478837935344,return=Result{data=null, returnCode=404, returnMsg='Not Found'},cost=141